

CmdLine:	C:\Users\anike\Desktop\Shape Wars\Windows\ShapeWars.exe --l4j-debug
WOW64:		yes
Check launcher:	 (n/a)
64-bit search:	SOFTWARE\JavaSoft\Java Runtime Environment...
Ignore:		SOFTWARE\JavaSoft\Java Runtime Environment\1.8
Match:		SOFTWARE\JavaSoft\Java Runtime Environment\1.8.0_221
Using 64-bit runtime.
64-bit search:	SOFTWARE\JavaSoft\Java Development Kit...
32-bit search:	SOFTWARE\JavaSoft\Java Development Kit...
Check launcher:	C:\Program Files\Java\jre1.8.0_221\bin\javaw.exe (OK)
Launcher:	C:\Program Files\Java\jre1.8.0_221\bin\javaw.exe
Launcher args:	-jar "C:\Users\anike\Desktop\Shape Wars\Windows\ShapeWars.exe"
Args length:	62/32768 chars
Exit code:	0


CmdLine:	C:\Users\anike\Desktop\Shape Wars\Windows\ShapeWars.exe --l4j-debug
WOW64:		yes
Check launcher:	 (n/a)
64-bit search:	SOFTWARE\JavaSoft\Java Runtime Environment...
Ignore:		SOFTWARE\JavaSoft\Java Runtime Environment\1.8
Match:		SOFTWARE\JavaSoft\Java Runtime Environment\1.8.0_221
Using 64-bit runtime.
64-bit search:	SOFTWARE\JavaSoft\Java Development Kit...
32-bit search:	SOFTWARE\JavaSoft\Java Development Kit...
Check launcher:	C:\Program Files\Java\jre1.8.0_221\bin\javaw.exe (OK)
Launcher:	C:\Program Files\Java\jre1.8.0_221\bin\javaw.exe
Launcher args:	-jar "C:\Users\anike\Desktop\Shape Wars\Windows\ShapeWars.exe"
Args length:	62/32768 chars
Exit code:	0
